<?xml version="1.0" encoding="UTF-8"?>
<testng-results ignored="0" total="1" passed="1" failed="0" skipped="0">
  <reporter-output>
  </reporter-output>
  <suite started-at="2022-03-01T22:17:06Z" name="Suite" finished-at="2022-03-01T22:19:14Z" duration-ms="127434">
    <groups>
    </groups>
    <test started-at="2022-03-01T22:17:06Z" name="Test" finished-at="2022-03-01T22:19:14Z" duration-ms="127434">
      <class name="TestCases.testselectable">
        <test-method signature="selectable()[pri:0, instance:TestCases.testselectable@12299890]" started-at="2022-03-02T03:47:07Z" name="selectable" finished-at="2022-03-02T03:49:14Z" duration-ms="127205" status="PASS">
          <reporter-output>
          </reporter-output>
        </test-method> <!-- selectable -->
      </class> <!-- TestCases.testselectable -->
    </test> <!-- Test -->
  </suite> <!-- Suite -->
</testng-results>
